nohup: ignoring input
Processing 171032 accessions with 100 parallel jobs → data/collision_results (tmp: /dev/shm/fmh_collisions)
zstd: error 93 : Write error : cannot write block : No space left on device 
ERROR: download/decompress failed for ERR3641955
zstd: error 93 : Write error : cannot write block : No space left on device 
ERROR: download/decompress failed for SRR3184736
zstd: error 93 : Write error : cannot write block : No space left on device 
ERROR: download/decompress failed for SRR23023932
zstd: error 93 : Write error : cannot write block : No space left on device 
ERROR: download/decompress failed for SRR19514067
zstd: error 93 : Write error : cannot write block : No space left on device 
ERROR: download/decompress failed for SRR3195423
zstd: error 93 : Write error : cannot write block : No space left on device 
ERROR: download/decompress failed for SRR1027651
zstd: error 93 : Write error : cannot write block : No space left on device 
ERROR: download/decompress failed for SRR19514073
zstd: error 93 : Write error : cannot write block : No space left on device 
ERROR: download/decompress failed for SRR7589585
zstd: error 93 : Write error : cannot write block : No space left on device 
ERROR: download/decompress failed for ERR7803603
zstd: error 93 : Write error : cannot write block : No space left on device 
ERROR: download/decompress failed for SRR10988543
zstd: error 93 : Write error : cannot write block : No space left on device 
ERROR: download/decompress failed for SRR4449258
zstd: error 93 : Write error : cannot write block : No space left on device 
ERROR: download/decompress failed for ERR5029656
zstd: error 93 : Write error : cannot write block : No space left on device 
ERROR: download/decompress failed for SRR26290401
zstd: error 93 : Write error : cannot write block : No space left on device 
ERROR: download/decompress failed for SRR10158848
zstd: error 93 : Write error : cannot write block : No space left on device 
ERROR: download/decompress failed for SRR19514075
zstd: error 93 : Write error : cannot write block : No space left on device 
ERROR: download/decompress failed for SRR3195452
zstd: error 93 : Write error : cannot write block : No space left on device 
ERROR: download/decompress failed for SRR3195512
zstd: error 93 : Write error : cannot write block : No space left on device 
ERROR: download/decompress failed for ERR5029654
zstd: error 93 : Write error : cannot write block : No space left on device 
ERROR: download/decompress failed for SRR6787038
zstd: error 93 : Write error : cannot write block : No space left on device 
ERROR: download/decompress failed for SRR26290410
zstd: error 93 : Write error : cannot write block : No space left on device 
ERROR: download/decompress failed for ERR5029657
zstd: error 93 : Write error : cannot write block : No space left on device 
ERROR: download/decompress failed for SRR14878376
zstd: error 93 : Write error : cannot write block : No space left on device 
ERROR: download/decompress failed for ERR5029655
zstd: error 93 : Write error : cannot write block : No space left on device 
ERROR: download/decompress failed for SRR26290409
zstd: error 93 : Write error : cannot write block : No space left on device 
ERROR: download/decompress failed for SRR14630334
zstd: error 93 : Write error : cannot write block : No space left on device 
ERROR: download/decompress failed for SRR17907852
zstd: error 93 : Write error : cannot write block : No space left on device 
ERROR: download/decompress failed for ERR6844499
zstd: error 93 : Write error : cannot write block : No space left on device 
ERROR: download/decompress failed for ERR3132356
zstd: error 93 : Write error : cannot write block : No space left on device 
ERROR: download/decompress failed for SRR19514069
zstd: error 93 : Write error : cannot write block : No space left on device 
ERROR: download/decompress failed for SRR6787519
zstd: error 93 : Write error : cannot write block : No space left on device 
ERROR: download/decompress failed for ERR4869839
zstd: error 93 : Write error : cannot write block : No space left on device 
ERROR: download/decompress failed for SRR23086384
zstd: error 93 : Write error : cannot write block : No space left on device 
ERROR: download/decompress failed for SRR25119235
zstd: error 93 : Write error : cannot write block : No space left on device 
ERROR: download/decompress failed for SRR6787039
zstd: error 93 : Write error : cannot write block : No space left on device 
ERROR: download/decompress failed for SRR7448307
zstd: error 93 : Write error : cannot write block : No space left on device 
ERROR: download/decompress failed for SRR19415659
zstd: error 93 : Write error : cannot write block : No space left on device 
ERROR: download/decompress failed for SRR23086379
zstd: error 93 : Write error : cannot write block : No space left on device 
ERROR: download/decompress failed for SRR23086375
zstd: error 93 : Write error : cannot write block : No space left on device 
ERROR: download/decompress failed for SRR3195435
zstd: error 93 : Write error : cannot write block : No space left on device 
ERROR: download/decompress failed for SRR21524771
zstd: error 93 : Write error : cannot write block : No space left on device 
ERROR: download/decompress failed for SRR23086401
zstd: error 93 : Write error : cannot write block : No space left on device 
ERROR: download/decompress failed for ERR3641953
zstd: error 93 : Write error : cannot write block : No space left on device 
ERROR: download/decompress failed for SRR3184730
zstd: error 93 : Write error : cannot write block : No space left on device 
ERROR: download/decompress failed for SRR17827823
zstd: error 93 : Write error : cannot write block : No space left on device 
ERROR: download/decompress failed for SRR26290402
zstd: error 93 : Write error : cannot write block : No space left on device 
ERROR: download/decompress failed for SRR19514072
zstd: error 93 : Write error : cannot write block : No space left on device 
ERROR: download/decompress failed for SRR23086382
zstd: error 93 : Write error : cannot write block : No space left on device 
ERROR: download/decompress failed for SRR25119225
zstd: error 93 : Write error : cannot write block : No space left on device 
zstd: error 93 : Write error : cannot write block : No space left on device 
zstd: error 93 : Write error : cannot write block : No space left on device 
ERROR: download/decompress failed for SRR770574
ERROR: download/decompress failed for SRR636581
zstd: error 93 : Write error : cannot write block : No space left on device 
ERROR: download/decompress failed for SRR23086397
zstd: error 93 : Write error : cannot write block : No space left on device 
ERROR: download/decompress failed for SRR15910062
ERROR: download/decompress failed for ERR7221607
zstd: error 93 : Write error : cannot write block : No space left on device 
zstd: error 93 : Write error : cannot write block : No space left on device 
zstd: error 93 : Write error : cannot write block : No space left on device 
ERROR: download/decompress failed for ERR5192579
ERROR: download/decompress failed for SRR13588856
zstd: error 93 : Write error : cannot write block : No space left on device 
ERROR: download/decompress failed for SRR11195285
zstd: error 93 : Write error : cannot write block : No space left on device 
zstd: error 93 : Write error : cannot write block : No space left on device 
zstd: error 93 : Write error : cannot write block : No space left on device 
zstd: error 93 : Write error : cannot write block : No space left on device 
ERROR: download/decompress failed for SRR12887156
zstd: error 93 : Write error : cannot write block : No space left on device 
zstd: error 93 : Write error : cannot write block : No space left on device 
zstd: error 93 : Write error : cannot write block : No space left on device 
zstd: error 93 : Write error : cannot write block : No space left on device 
ERROR: download/decompress failed for SRR22857908
ERROR: download/decompress failed for SRR23496152
zstd: error 93 : Write error : cannot write block : No space left on device 
ERROR: download/decompress failed for SRR17827918
ERROR: download/decompress failed for SRR5690606
ERROR: download/decompress failed for ERR7287988
ERROR: download/decompress failed for SRR5699024
ERROR: download/decompress failed for ERR8158273
zstd: error 93 : Write error : cannot write block : No space left on device 
ERROR: download/decompress failed for SRR17827867
zstd: error 93 : Write error : cannot write block : No space left on device 
zstd: error 93 : Write error : cannot write block : No space left on device 
ERROR: download/decompress failed for SRR17827880
ERROR: download/decompress failed for SRR17827842
zstd: error 93 : Write error : cannot write block : No space left on device 
zstd: error 93 : Write error : cannot write block : No space left on device 
zstd: error 93 : Write error : cannot write block : No space left on device 
ERROR: download/decompress failed for SRR11673977
ERROR: download/decompress failed for SRR3195442
ERROR: download/decompress failed for SRR7448321
zstd: error 93 : Write error : cannot write block : No space left on device 
zstd: error 93 : Write error : cannot write block : No space left on device 
zstd: error 93 : Write error : cannot write block : No space left on device 
ERROR: download/decompress failed for SRR3546780
ERROR: download/decompress failed for SRR6788424
zstd: error 93 : Write error : cannot write block : No space left on device 
zstd: error 93 : Write error : cannot write block : No space left on device 
ERROR: download/decompress failed for SRR17827923
zstd: error 93 : Write error : cannot write block : No space left on device 
ERROR: download/decompress failed for SRR19514070
zstd: error 93 : Write error : cannot write block : No space left on device 
ERROR: download/decompress failed for SRR10193378
zstd: error 93 : Write error : cannot write block : No space left on device 
ERROR: download/decompress failed for SRR094926
ERROR: download/decompress failed for SRR23086394
ERROR: download/decompress failed for SRR25909052
ERROR: download/decompress failed for SRR23086399
zstd: error 93 : Write error : cannot write block : No space left on device 
ERROR: download/decompress failed for SRR17827816
zstd: error 93 : Write error : cannot write block : No space left on device 
zstd: error 93 : Write error : cannot write block : No space left on device 
ERROR: download/decompress failed for SRR5371479
zstd: error 93 : Write error : cannot write block : No space left on device 
ERROR: download/decompress failed for SRR11673986
ERROR: download/decompress failed for SRR7756683
zstd: error 93 : Write error : cannot write block : No space left on device 
zstd: error 93 : Write error : cannot write block : No space left on device 
zstd: error 93 : Write error : cannot write block : No space left on device 
ERROR: download/decompress failed for SRR17827854
zstd: error 93 : Write error : cannot write block : No space left on device 
zstd: error 93 : Write error : cannot write block : No space left on device 
ERROR: download/decompress failed for SRR17827897
ERROR: download/decompress failed for SRR23086386
zstd: error 93 : Write error : cannot write block : No space left on device 
ERROR: download/decompress failed for ERR10048393
zstd: error 93 : Write error : cannot write block : No space left on device 
zstd: error 93 : Write error : cannot write block : No space left on device 
ERROR: download/decompress failed for SRR23086377
ERROR: download/decompress failed for SRR19415682
ERROR: download/decompress failed for SRR23086388
zstd: error 93 : Write error : cannot write block : No space left on device 
zstd: error 93 : Write error : cannot write block : No space left on device 
ERROR: download/decompress failed for SRR23086390
zstd: error 93 : Write error : cannot write block : No space left on device 
zstd: error 93 : Write error : cannot write block : No space left on device 
ERROR: download/decompress failed for SRR22103700
zstd: error 93 : Write error : cannot write block : No space left on device 
ERROR: download/decompress failed for SRR17827868
ERROR: download/decompress failed for SRR17827904
ERROR: download/decompress failed for SRR21539855
ERROR: download/decompress failed for SRR17827849
zstd: error 93 : Write error : cannot write block : No space left on device 
ERROR: download/decompress failed for SRR15144438
ERROR: download/decompress failed for SRR15910066
zstd: error 93 : Write error : cannot write block : No space left on device 
zstd: error 93 : Write error : cannot write block : No space left on device 
ERROR: download/decompress failed for SRR12887162
ERROR: download/decompress failed for SRR23086391
zstd: error 93 : Write error : cannot write block : No space left on device 
ERROR: download/decompress failed for SRR17827936
zstd: error 93 : Write error : cannot write block : No space left on device 
zstd: error 93 : Write error : cannot write block : No space left on device 
ERROR: download/decompress failed for SRR17827866
zstd: error 93 : Write error : cannot write block : No space left on device 
ERROR: download/decompress failed for ERR9669565
zstd: error 93 : Write error : cannot write block : No space left on device 
zstd: error 93 : Write error : cannot write block : No space left on device 
zstd: error 93 : Write error : cannot write block : No space left on device 
ERROR: download/decompress failed for SRR15145666
zstd: error 93 : Write error : cannot write block : No space left on device 
ERROR: download/decompress failed for SRR8451826
zstd: error 93 : Write error : cannot write block : No space left on device 
ERROR: download/decompress failed for ERR10048366
zstd: error 93 : Write error : cannot write block : No space left on device 
ERROR: download/decompress failed for SRR15910049
zstd: error 93 : Write error : cannot write block : No space left on device 
ERROR: download/decompress failed for SRR13588854
zstd: error 93 : Write error : cannot write block : No space left on device 
ERROR: download/decompress failed for SRR17827810
zstd: error 93 : Write error : cannot write block : No space left on device 
ERROR: download/decompress failed for SRR17827919
zstd: error 93 : Write error : cannot write block : No space left on device 
ERROR: download/decompress failed for SRR7589583
zstd: error 93 : Write error : cannot write block : No space left on device 
ERROR: download/decompress failed for SRR10917782
zstd: error 93 : Write error : cannot write block : No space left on device 
ERROR: download/decompress failed for SRR15910050
zstd: error 93 : Write error : cannot write block : No space left on device 
ERROR: download/decompress failed for SRR8451827
zstd: error 93 : Write error : cannot write block : No space left on device 
ERROR: download/decompress failed for SRR17827856
zstd: error 93 : Write error : cannot write block : No space left on device 
ERROR: download/decompress failed for SRR094437
zstd: error 93 : Write error : cannot write block : No space left on device 
ERROR: download/decompress failed for SRR13588937
zstd: error 93 : Write error : cannot write block : No space left on device 
ERROR: download/decompress failed for SRR17827824
zstd: error 93 : Write error : cannot write block : No space left on device 
ERROR: download/decompress failed for SRR17827947
zstd: error 93 : Write error : cannot write block : No space left on device 
ERROR: download/decompress failed for SRR15910063
zstd: error 93 : Write error : cannot write block : No space left on device 
ERROR: download/decompress failed for SRR11195286
zstd: error 93 : Write error : cannot write block : No space left on device 
ERROR: download/decompress failed for SRR15910057
zstd: error 93 : Write error : cannot write block : No space left on device 
ERROR: download/decompress failed for SRR17827940
zstd: error 93 : Write error : cannot write block : No space left on device 
ERROR: download/decompress failed for SRR17827813
zstd: error 93 : Write error : cannot write block : No space left on device 
ERROR: download/decompress failed for SRR17827935
zstd: error 93 : Write error : cannot write block : No space left on device 
ERROR: download/decompress failed for ERR3641957
zstd: error 93 : Write error : cannot write block : No space left on device 
ERROR: download/decompress failed for SRR17827844
zstd: error 93 : Write error : cannot write block : No space left on device 
ERROR: download/decompress failed for ERR3261131
zstd: error 93 : Write error : cannot write block : No space left on device 
ERROR: download/decompress failed for SRR24752793
zstd: error 93 : Write error : cannot write block : No space left on device 
ERROR: download/decompress failed for SRR13588968
zstd: error 93 : Write error : cannot write block : No space left on device 
ERROR: download/decompress failed for SRR17827949
zstd: error 93 : Write error : cannot write block : No space left on device 
ERROR: download/decompress failed for SRR17827852
zstd: error 93 : Write error : cannot write block : No space left on device 
ERROR: download/decompress failed for SRR17827855
zstd: error 93 : Write error : cannot write block : No space left on device 
ERROR: download/decompress failed for SRR17827814
zstd: error 93 : Write error : cannot write block : No space left on device 
ERROR: download/decompress failed for SRR10193377
zstd: error 93 : Write error : cannot write block : No space left on device 
ERROR: download/decompress failed for SRR13588957
zstd: error 93 : Write error : cannot write block : No space left on device 
ERROR: download/decompress failed for SRR10987118
zstd: error 93 : Write error : cannot write block : No space left on device 
ERROR: download/decompress failed for ERR8050696
zstd: error 93 : Write error : cannot write block : No space left on device 
ERROR: download/decompress failed for SRR8451816
zstd: error 93 : Write error : cannot write block : No space left on device 
ERROR: download/decompress failed for ERR10048369
zstd: error 93 : Write error : cannot write block : No space left on device 
ERROR: download/decompress failed for ERR10753961
zstd: error 93 : Write error : cannot write block : No space left on device 
ERROR: download/decompress failed for SRR17827903
zstd: error 93 : Write error : cannot write block : No space left on device 
ERROR: download/decompress failed for SRR12887163
zstd: error 93 : Write error : cannot write block : No space left on device 
ERROR: download/decompress failed for SRR13588972
zstd: error 93 : Write error : cannot write block : No space left on device 
ERROR: download/decompress failed for SRR17827892
zstd: error 93 : Write error : cannot write block : No space left on device 
ERROR: download/decompress failed for SRR15910061
ERROR: download/decompress failed for ERR10048404
ERROR: download/decompress failed for SRR11673972
ERROR: download/decompress failed for SRR17827860
zstd: error 93 : Write error : cannot write block : No space left on device 
ERROR: download/decompress failed for SRR2179954
zstd: error 93 : Write error : cannot write block : No space left on device 
ERROR: download/decompress failed for SRR7053051
zstd: error 93 : Write error : cannot write block : No space left on device 
ERROR: download/decompress failed for SRR8451818
zstd: error 93 : Write error : cannot write block : No space left on device 
ERROR: download/decompress failed for SRR14005100
zstd: error 93 : Write error : cannot write block : No space left on device 
ERROR: download/decompress failed for SRR14366772
zstd: error 93 : Write error : cannot write block : No space left on device 
ERROR: download/decompress failed for SRR5246785
zstd: error 93 : Write error : cannot write block : No space left on device 
ERROR: download/decompress failed for SRR5246787
zstd: error 93 : Write error : cannot write block : No space left on device 
ERROR: download/decompress failed for SRR5248864
zstd: error 93 : Write error : cannot write block : No space left on device 
ERROR: download/decompress failed for SRR23086378
zstd: error 93 : Write error : cannot write block : No space left on device 
ERROR: download/decompress failed for ERR10048382
zstd: error 93 : Write error : cannot write block : No space left on device 
ERROR: download/decompress failed for SRR13588967
zstd: error 93 : Write error : cannot write block : No space left on device 
ERROR: download/decompress failed for SRR17827934
zstd: error 93 : Write error : cannot write block : No space left on device 
zstd: error 93 : Write error : cannot write block : No space left on device 
zstd: error 93 : Write error : cannot write block : No space left on device 
ERROR: download/decompress failed for SRR1917240
ERROR: download/decompress failed for SRR23086380
zstd: error 93 : Write error : cannot write block : No space left on device 
ERROR: download/decompress failed for SRR7026333
zstd: error 93 : Write error : cannot write block : No space left on device 
ERROR: download/decompress failed for SRR10145198
zstd: error 93 : Write error : cannot write block : No space left on device 
ERROR: download/decompress failed for SRR2179959
ERROR: download/decompress failed for SRR17827905
zstd: error 93 : Write error : cannot write block : No space left on device 
ERROR: download/decompress failed for SRR15910086
zstd: error 93 : Write error : cannot write block : No space left on device 
ERROR: download/decompress failed for SRR7589587
zstd: error 93 : Write error : cannot write block : No space left on device 
zstd: error 93 : Write error : cannot write block : No space left on device 
ERROR: download/decompress failed for SRR14366780
ERROR: download/decompress failed for SRR11673966
zstd: error 93 : Write error : cannot write block : No space left on device 
ERROR: download/decompress failed for SRR3989344
zstd: error 93 : Write error : cannot write block : No space left on device 
zstd: error 93 : Write error : cannot write block : No space left on device 
ERROR: download/decompress failed for ERR8511592
ERROR: download/decompress failed for SRR7988745
zstd: error 93 : Write error : cannot write block : No space left on device 
ERROR: download/decompress failed for SRR17827878
zstd: error 93 : Write error : cannot write block : No space left on device 
ERROR: download/decompress failed for SRR16963053
zstd: error 93 : Write error : cannot write block : No space left on device 
ERROR: download/decompress failed for SRR17827885
zstd: error 93 : Write error : cannot write block : No space left on device 
ERROR: download/decompress failed for SRR5248941
zstd: error 93 : Write error : cannot write block : No space left on device 
ERROR: download/decompress failed for SRR23086389
zstd: error 93 : Write error : cannot write block : No space left on device 
zstd: error 93 : Write error : cannot write block : No space left on device 
zstd: error 93 : Write error : cannot write block : No space left on device 
ERROR: download/decompress failed for SRR8239395
zstd: error 93 : Write error : cannot write block : No space left on device 
ERROR: download/decompress failed for SRR8451828
zstd: error 93 : Write error : cannot write block : No space left on device 
zstd: error 93 : Write error : cannot write block : No space left on device 
ERROR: download/decompress failed for ERR10048407
ERROR: download/decompress failed for SRR26421370
ERROR: download/decompress failed for SRR3989265
ERROR: download/decompress failed for SRR15910048
zstd: error 93 : Write error : cannot write block : No space left on device 
ERROR: download/decompress failed for SRR6208352
zstd: error 93 : Write error : cannot write block : No space left on device 
ERROR: download/decompress failed for SRR10145194
zstd: error 93 : Write error : cannot write block : No space left on device 
ERROR: download/decompress failed for SRR9006729
zstd: error 93 : Write error : cannot write block : No space left on device 
ERROR: download/decompress failed for SRR17827946
zstd: error 93 : Write error : cannot write block : No space left on device 
ERROR: download/decompress failed for ERR868392
zstd: error 93 : Write error : cannot write block : No space left on device 
ERROR: download/decompress failed for SRR15313073
zstd: error 93 : Write error : cannot write block : No space left on device 
ERROR: download/decompress failed for SRR6219166
zstd: error 93 : Write error : cannot write block : No space left on device 
ERROR: download/decompress failed for SRR3989296
zstd: error 93 : Write error : cannot write block : No space left on device 
ERROR: download/decompress failed for SRR25013888
zstd: error 93 : Write error : cannot write block : No space left on device 
ERROR: download/decompress failed for SRR8451829
zstd: error 93 : Write error : cannot write block : No space left on device 
ERROR: download/decompress failed for SRR8451833
zstd: error 93 : Write error : cannot write block : No space left on device 
ERROR: download/decompress failed for SRR8451821
zstd: error 93 : Write error : cannot write block : No space left on device 
ERROR: download/decompress failed for SRR2090162
zstd: error 93 : Write error : cannot write block : No space left on device 
ERROR: download/decompress failed for SRR1313734
zstd: error 93 : Write error : cannot write block : No space left on device 
zstd: error 93 : Write error : cannot write block : No space left on device 
zstd: error 93 : Write error : cannot write block : No space left on device 
ERROR: download/decompress failed for ERR10048365
ERROR: download/decompress failed for ERR2762105
zstd: error 93 : Write error : cannot write block : No space left on device 
ERROR: download/decompress failed for SRR17827890
zstd: error 93 : Write error : cannot write block : No space left on device 
zstd: error 93 : Write error : cannot write block : No space left on device 
ERROR: download/decompress failed for DRR046817
zstd: error 93 : Write error : cannot write block : No space left on device 
ERROR: download/decompress failed for SRR3314792
ERROR: download/decompress failed for ERR538175
zstd: error 93 : Write error : cannot write block : No space left on device 
ERROR: download/decompress failed for SRR9008756
ERROR: download/decompress failed for SRR1699482
zstd: error 93 : Write error : cannot write block : No space left on device 
ERROR: download/decompress failed for SRR8451824
zstd: error 93 : Write error : cannot write block : No space left on device 
ERROR: download/decompress failed for SRR17827929
zstd: error 93 : Write error : cannot write block : No space left on device 
zstd: error 93 : Write error : cannot write block : No space left on device 
zstd: error 93 : Write error : cannot write block : No space left on device 
ERROR: download/decompress failed for SRR15910083
ERROR: download/decompress failed for SRR9006805
ERROR: download/decompress failed for SRR8451820
zstd: error 93 : Write error : cannot write block : No space left on device 
zstd: error 93 : Write error : cannot write block : No space left on device 
ERROR: download/decompress failed for ERR2843944
ERROR: download/decompress failed for SRR23086398
zstd: error 93 : Write error : cannot write block : No space left on device 
zstd: error 93 : Write error : cannot write block : No space left on device 
ERROR: download/decompress failed for DRR198553
ERROR: download/decompress failed for SRR8452062
zstd: error 93 : Write error : cannot write block : No space left on device 
ERROR: download/decompress failed for SRR25779728
zstd: error 93 : Write error : cannot write block : No space left on device 
ERROR: download/decompress failed for SRR5820075
zstd: error 93 : Write error : cannot write block : No space left on device 
ERROR: download/decompress failed for SRR11670876
zstd: error 93 : Write error : cannot write block : No space left on device 
ERROR: download/decompress failed for SRR6219246
zstd: error 93 : Write error : cannot write block : No space left on device 
ERROR: download/decompress failed for SRR22315503
zstd: error 93 : Write error : cannot write block : No space left on device 
ERROR: download/decompress failed for SRR8239393
zstd: error 93 : Write error : cannot write block : No space left on device 
ERROR: download/decompress failed for SRR7990334
zstd: error 93 : Write error : cannot write block : No space left on device 
ERROR: download/decompress failed for ERR12047044
zstd: error 93 : Write error : cannot write block : No space left on device 
ERROR: download/decompress failed for SRR22315507
zstd: error 93 : Write error : cannot write block : No space left on device 
ERROR: download/decompress failed for ERR5037016
zstd: error 93 : Write error : cannot write block : No space left on device 
zstd: error 93 : Write error : cannot write block : No space left on device 
zstd: error 93 : Write error : cannot write block : No space left on device 
zstd: error 93 : Write error : cannot write block : No space left on device 
zstd: error 93 : Write error : cannot write block : No space left on device 
ERROR: download/decompress failed for SRR6214544
ERROR: download/decompress failed for SRR3954470
ERROR: download/decompress failed for ERR299538
ERROR: download/decompress failed for SRR9640551
ERROR: download/decompress failed for SRR3184675
zstd: error 93 : Write error : cannot write block : No space left on device 
zstd: error 93 : Write error : cannot write block : No space left on device 
ERROR: download/decompress failed for SRR12113401
ERROR: download/decompress failed for SRR5272259
zstd: error 93 : Write error : cannot write block : No space left on device 
ERROR: download/decompress failed for SRR3989285
zstd: error 93 : Write error : cannot write block : No space left on device 
zstd: error 93 : Write error : cannot write block : No space left on device 
zstd: error 93 : Write error : cannot write block : No space left on device 
ERROR: download/decompress failed for SRR17827857
ERROR: download/decompress failed for SRR3656745
ERROR: download/decompress failed for SRR5248754
zstd: error 93 : Write error : cannot write block : No space left on device 
zstd: error 93 : Write error : cannot write block : No space left on device 
ERROR: download/decompress failed for ERR315802
ERROR: download/decompress failed for SRR3954474
zstd: error 93 : Write error : cannot write block : No space left on device 
ERROR: download/decompress failed for SRR8451825
zstd: error 93 : Write error : cannot write block : No space left on device 
ERROR: download/decompress failed for SRR5225748
zstd: error 93 : Write error : cannot write block : No space left on device 
zstd: error 93 : Write error : cannot write block : No space left on device 
ERROR: download/decompress failed for SRR7182481
ERROR: download/decompress failed for ERR2762115
zstd: error 93 : Write error : cannot write block : No space left on device 
ERROR: download/decompress failed for ERR868358
zstd: error 93 : Write error : cannot write block : No space left on device 
ERROR: download/decompress failed for SRR9640553
zstd: error 93 : Write error : cannot write block : No space left on device 
zstd: error 93 : Write error : cannot write block : No space left on device 
zstd: error 93 : Write error : cannot write block : No space left on device 
ERROR: download/decompress failed for SRR3954473
ERROR: download/decompress failed for ERR10048410
ERROR: download/decompress failed for ERR1726919
zstd: error 93 : Write error : cannot write block : No space left on device 
ERROR: download/decompress failed for ERR10048373
zstd: error 93 : Write error : cannot write block : No space left on device 
zstd: error 93 : Write error : cannot write block : No space left on device 
ERROR: download/decompress failed for DRR046819
ERROR: download/decompress failed for SRR17827811
zstd: error 93 : Write error : cannot write block : No space left on device 
ERROR: download/decompress failed for ERR4691648
zstd: error 93 : Write error : cannot write block : No space left on device 
ERROR: download/decompress failed for SRR3195489
zstd: error 93 : Write error : cannot write block : No space left on device 
ERROR: download/decompress failed for SRR9648402
zstd: error 93 : Write error : cannot write block : No space left on device 
ERROR: download/decompress failed for SRR6195974
zstd: error 93 : Write error : cannot write block : No space left on device 
ERROR: download/decompress failed for SRR14366756
zstd: error 93 : Write error : cannot write block : No space left on device 
ERROR: download/decompress failed for SRR8847350
zstd: error 93 : Write error : cannot write block : No space left on device 
ERROR: download/decompress failed for SRR5451461
zstd: error 93 : Write error : cannot write block : No space left on device 
ERROR: download/decompress failed for SRR6207159
zstd: error 93 : Write error : cannot write block : No space left on device 
ERROR: download/decompress failed for SRR10143270
zstd: error 93 : Write error : cannot write block : No space left on device 
ERROR: download/decompress failed for SRR26421363
zstd: error 93 : Write error : cannot write block : No space left on device 
ERROR: download/decompress failed for SRR3989263
zstd: error 93 : Write error : cannot write block : No space left on device 
ERROR: download/decompress failed for ERR538174
zstd: error 93 : Write error : cannot write block : No space left on device 
ERROR: download/decompress failed for SRR15313068
zstd: error 93 : Write error : cannot write block : No space left on device 
ERROR: download/decompress failed for SRR16329079
zstd: error 93 : Write error : cannot write block : No space left on device 
ERROR: download/decompress failed for SRR5248581
zstd: error 93 : Write error : cannot write block : No space left on device 
zstd: error 93 : Write error : cannot write block : No space left on device 
zstd: error 93 : Write error : cannot write block : No space left on device 
ERROR: download/decompress failed for SRR1699487
ERROR: download/decompress failed for SRR14300308
ERROR: download/decompress failed for SRR5247126
zstd: error 93 : Write error : cannot write block : No space left on device 
zstd: error 93 : Write error : cannot write block : No space left on device 
ERROR: download/decompress failed for SRR14005099
ERROR: download/decompress failed for SRR3984893
zstd: error 93 : Write error : cannot write block : No space left on device 
zstd: error 93 : Write error : cannot write block : No space left on device 
ERROR: download/decompress failed for SRR8561391
ERROR: download/decompress failed for SRR3989297
zstd: error 93 : Write error : cannot write block : No space left on device 
ERROR: download/decompress failed for ERR10101439
zstd: error 93 : Write error : cannot write block : No space left on device 
zstd: error 93 : Write error : cannot write block : No space left on device 
ERROR: download/decompress failed for ERR10048364
zstd: error 93 : Write error : cannot write block : No space left on device 
zstd: error 93 : Write error : cannot write block : No space left on device 
ERROR: download/decompress failed for SRR5451359
ERROR: download/decompress failed for SRR3989306
ERROR: download/decompress failed for DRR046820
zstd: error 93 : Write error : cannot write block : No space left on device 
zstd: error 93 : Write error : cannot write block : No space left on device 
ERROR: download/decompress failed for SRR13588991
zstd: error 93 : Write error : cannot write block : No space left on device 
ERROR: download/decompress failed for ERR4691662
zstd: error 93 : Write error : cannot write block : No space left on device 
zstd: error 93 : Write error : cannot write block : No space left on device 
ERROR: download/decompress failed for ERR2762118
zstd: error 93 : Write error : cannot write block : No space left on device 
ERROR: download/decompress failed for SRR5371511
ERROR: download/decompress failed for SRR13427717
zstd: error 93 : Write error : cannot write block : No space left on device 
zstd: error 93 : Write error : cannot write block : No space left on device 
ERROR: download/decompress failed for SRR5578835
ERROR: download/decompress failed for ERR2762100
ERROR: download/decompress failed for SRR5467262
zstd: error 93 : Write error : cannot write block : No space left on device 
zstd: error 93 : Write error : cannot write block : No space left on device 
ERROR: download/decompress failed for SRR7589574
ERROR: download/decompress failed for ERR2762102
zstd: error 93 : Write error : cannot write block : No space left on device 
zstd: error 93 : Write error : cannot write block : No space left on device 
ERROR: download/decompress failed for ERR2092767
ERROR: download/decompress failed for SRR18078966
zstd: error 93 : Write error : cannot write block : No space left on device 
ERROR: download/decompress failed for SRR5256987
zstd: error 93 : Write error : cannot write block : No space left on device 
zstd: error 93 : Write error : cannot write block : No space left on device 
ERROR: download/decompress failed for ERR8263366
ERROR: download/decompress failed for ERR4691587
zstd: error 93 : Write error : cannot write block : No space left on device 
zstd: error 93 : Write error : cannot write block : No space left on device 
zstd: error 93 : Write error : cannot write block : No space left on device 
ERROR: download/decompress failed for SRR5256985
zstd: error 93 : Write error : cannot write block : No space left on device 
ERROR: download/decompress failed for SRR1699484
zstd: error 93 : Write error : cannot write block : No space left on device 
zstd: error 93 : Write error : cannot write block : No space left on device 
zstd: error 93 : Write error : cannot write block : No space left on device 
ERROR: download/decompress failed for SRR26784072
ERROR: download/decompress failed for SRR17464445
ERROR: download/decompress failed for SRR3989293
ERROR: download/decompress failed for SRR13588963
ERROR: download/decompress failed for SRR15377966
zstd: error 93 : Write error : cannot write block : No space left on device 
zstd: error 93 : Write error : cannot write block : No space left on device 
zstd: error 93 : Write error : cannot write block : No space left on device 
ERROR: download/decompress failed for SRR14366794
zstd: error 93 : Write error : cannot write block : No space left on device 
ERROR: download/decompress failed for SRR15436246
ERROR: download/decompress failed for SRR15313069
ERROR: download/decompress failed for SRR11673984
zstd: error 93 : Write error : cannot write block : No space left on device 
ERROR: download/decompress failed for SRR5511291
zstd: error 93 : Write error : cannot write block : No space left on device 
ERROR: download/decompress failed for SRR7026334
zstd: error 93 : Write error : cannot write block : No space left on device 
zstd: error 93 : Write error : cannot write block : No space left on device 
ERROR: download/decompress failed for SRR13924456
ERROR: download/decompress failed for SRR13588975
zstd: error 93 : Write error : cannot write block : No space left on device 
ERROR: download/decompress failed for SRR6957156
zstd: error 93 : Write error : cannot write block : No space left on device 
ERROR: download/decompress failed for ERR538180
zstd: error 93 : Write error : cannot write block : No space left on device 
ERROR: download/decompress failed for SRR5585385
zstd: error 93 : Write error : cannot write block : No space left on device 
ERROR: download/decompress failed for ERR868361
zstd: error 93 : Write error : cannot write block : No space left on device 
ERROR: download/decompress failed for SRR16915460
zstd: error 93 : Write error : cannot write block : No space left on device 
ERROR: download/decompress failed for ERR12047048
zstd: error 93 : Write error : cannot write block : No space left on device 
ERROR: download/decompress failed for ERR868398
zstd: error 93 : Write error : cannot write block : No space left on device 
ERROR: download/decompress failed for SRR23086387
zstd: error 93 : Write error : cannot write block : No space left on device 
ERROR: download/decompress failed for ERR4691600
zstd: error 93 : Write error : cannot write block : No space left on device 
ERROR: download/decompress failed for SRR5511879
zstd: error 93 : Write error : cannot write block : No space left on device 
ERROR: download/decompress failed for ERR1726795
zstd: error 93 : Write error : cannot write block : No space left on device 
ERROR: download/decompress failed for SRR12113384
zstd: error 93 : Write error : cannot write block : No space left on device 
ERROR: download/decompress failed for SRR5272222
zstd: error 93 : Write error : cannot write block : No space left on device 
ERROR: download/decompress failed for SRR23946010
zstd: error 93 : Write error : cannot write block : No space left on device 
ERROR: download/decompress failed for SRR26421364
zstd: error 93 : Write error : cannot write block : No space left on device 
ERROR: download/decompress failed for SRR9841444
zstd: error 93 : Write error : cannot write block : No space left on device 
zstd: error 93 : Write error : cannot write block : No space left on device 
ERROR: download/decompress failed for SRR5249478
ERROR: download/decompress failed for ERR712371
zstd: error 93 : Write error : cannot write block : No space left on device 
zstd: error 93 : Write error : cannot write block : No space left on device 
zstd: error 93 : Write error : cannot write block : No space left on device 
ERROR: download/decompress failed for SRR5517431
zstd: error 93 : Write error : cannot write block : No space left on device 
zstd: error 93 : Write error : cannot write block : No space left on device 
ERROR: download/decompress failed for ERR2762179
ERROR: download/decompress failed for ERR10048378
zstd: error 93 : Write error : cannot write block : No space left on device 
zstd: error 93 : Write error : cannot write block : No space left on device 
ERROR: download/decompress failed for ERR1726632
ERROR: download/decompress failed for ERR868420
zstd: error 93 : Write error : cannot write block : No space left on device 
zstd: error 93 : Write error : cannot write block : No space left on device 
ERROR: download/decompress failed for SRR25885115
ERROR: download/decompress failed for ERR4691618
zstd: error 93 : Write error : cannot write block : No space left on device 
zstd: error 93 : Write error : cannot write block : No space left on device 
ERROR: download/decompress failed for ERR2762111
ERROR: download/decompress failed for SRR5248323
ERROR: download/decompress failed for ERR2092772
ERROR: download/decompress failed for SRR5823612
zstd: error 93 : Write error : cannot write block : No space left on device 
ERROR: download/decompress failed for ERR1726522
zstd: error 93 : Write error : cannot write block : No space left on device 
ERROR: download/decompress failed for SRR7053050
zstd: error 93 : Write error : cannot write block : No space left on device 
ERROR: download/decompress failed for ERR1726941
zstd: error 93 : Write error : cannot write block : No space left on device 
ERROR: download/decompress failed for SRR6475283
zstd: error 93 : Write error : cannot write block : No space left on device 
zstd: error 93 : Write error : cannot write block : No space left on device 
zstd: error 93 : Write error : cannot write block : No space left on device 
ERROR: download/decompress failed for SRR5249602
ERROR: download/decompress failed for ERR2752152
ERROR: download/decompress failed for SRR5247127
zstd: error 93 : Write error : cannot write block : No space left on device 
zstd: error 93 : Write error : cannot write block : No space left on device 
ERROR: download/decompress failed for ERR2762113
ERROR: download/decompress failed for ERR1726860
zstd: error 93 : Write error : cannot write block : No space left on device 
ERROR: download/decompress failed for ERR1726796
zstd: error 93 : Write error : cannot write block : No space left on device 
ERROR: download/decompress failed for SRR5451736
zstd: error 93 : Write error : cannot write block : No space left on device 
ERROR: download/decompress failed for SRR5903332
zstd: error 93 : Write error : cannot write block : No space left on device 
ERROR: download/decompress failed for SRR6957363
zstd: error 93 : Write error : cannot write block : No space left on device 
ERROR: download/decompress failed for ERR1726589
zstd: error 93 : Write error : cannot write block : No space left on device 
ERROR: download/decompress failed for ERR538171
zstd: error 93 : Write error : cannot write block : No space left on device 
ERROR: download/decompress failed for ERR7564267
zstd: error 93 : Write error : cannot write block : No space left on device 
ERROR: download/decompress failed for SRR25445062
zstd: error 93 : Write error : cannot write block : No space left on device 
ERROR: download/decompress failed for SRR17464396
zstd: error 93 : Write error : cannot write block : No space left on device 
ERROR: download/decompress failed for ERR3589593
zstd: error 93 : Write error : cannot write block : No space left on device 
ERROR: download/decompress failed for SRR23086393
zstd: error 93 : Write error : cannot write block : No space left on device 
ERROR: download/decompress failed for SRR23086385
zstd: error 93 : Write error : cannot write block : No space left on device 
ERROR: download/decompress failed for SRR9648403
zstd: error 93 : Write error : cannot write block : No space left on device 
ERROR: download/decompress failed for SRR12113383
zstd: error 93 : Write error : cannot write block : No space left on device 
ERROR: download/decompress failed for SRR26457609
zstd: error 93 : Write error : cannot write block : No space left on device 
ERROR: download/decompress failed for ERR1726889
zstd: error 93 : Write error : cannot write block : No space left on device 
ERROR: download/decompress failed for ERR1726774
zstd: error 93 : Write error : cannot write block : No space left on device 
ERROR: download/decompress failed for SRR15145664
zstd: error 93 : Write error : cannot write block : No space left on device 
ERROR: download/decompress failed for ERR868492
zstd: error 93 : Write error : cannot write block : No space left on device 
ERROR: download/decompress failed for SRR23086403
zstd: error 93 : Write error : cannot write block : No space left on device 
ERROR: download/decompress failed for SRR6957162
zstd: error 93 : Write error : cannot write block : No space left on device 
ERROR: download/decompress failed for ERR4691596
zstd: error 93 : Write error : cannot write block : No space left on device 
ERROR: download/decompress failed for SRR22904580
zstd: error 93 : Write error : cannot write block : No space left on device 
ERROR: download/decompress failed for SRR5451564
zstd: error 93 : Write error : cannot write block : No space left on device 
ERROR: download/decompress failed for SRR15145662
zstd: error 93 : Write error : cannot write block : No space left on device 
ERROR: download/decompress failed for SRR16915463
zstd: error 93 : Write error : cannot write block : No space left on device 
ERROR: download/decompress failed for SRR7042383
zstd: error 93 : Write error : cannot write block : No space left on device 
ERROR: download/decompress failed for ERR4691706
zstd: error 93 : Write error : cannot write block : No space left on device 
ERROR: download/decompress failed for SRR2146186
zstd: error 93 : Write error : cannot write block : No space left on device 
ERROR: download/decompress failed for SRR6185436
zstd: error 93 : Write error : cannot write block : No space left on device 
ERROR: download/decompress failed for ERR2752150
zstd: error 93 : Write error : cannot write block : No space left on device 
ERROR: download/decompress failed for ERR1726690
zstd: error 93 : Write error : cannot write block : No space left on device 
ERROR: download/decompress failed for ERR4691611
zstd: error 93 : Write error : cannot write block : No space left on device 
ERROR: download/decompress failed for SRR13589004
zstd: error 93 : Write error : cannot write block : No space left on device 
ERROR: download/decompress failed for ERR10300310
zstd: error 93 : Write error : cannot write block : No space left on device 
zstd: error 93 : Write error : cannot write block : No space left on device 
ERROR: download/decompress failed for SRR5819818
ERROR: download/decompress failed for SRR22315505
zstd: error 93 : Write error : cannot write block : No space left on device 
ERROR: download/decompress failed for ERR4691746
zstd: error 93 : Write error : cannot write block : No space left on device 
ERROR: download/decompress failed for ERR3761212
zstd: error 93 : Write error : cannot write block : No space left on device 
ERROR: download/decompress failed for ERR1726861
zstd: error 93 : Write error : cannot write block : No space left on device 
ERROR: download/decompress failed for ERR4691749
zstd: error 93 : Write error : cannot write block : No space left on device 
ERROR: download/decompress failed for ERR1044072
zstd: error 93 : Write error : cannot write block : No space left on device 
ERROR: download/decompress failed for ERR4691628
zstd: error 93 : Write error : cannot write block : No space left on device 
ERROR: download/decompress failed for ERR1726593
zstd: error 93 : Write error : cannot write block : No space left on device 
ERROR: download/decompress failed for SRR5451714
zstd: error 93 : Write error : cannot write block : No space left on device 
ERROR: download/decompress failed for SRR11119762
zstd: error 93 : Write error : cannot write block : No space left on device 
zstd: error 93 : Write error : cannot write block : No space left on device 
ERROR: download/decompress failed for SRR16329110
ERROR: download/decompress failed for ERR868387
zstd: error 93 : Write error : cannot write block : No space left on device 
ERROR: download/decompress failed for SRR8894379
zstd: error 93 : Write error : cannot write block : No space left on device 
zstd: error 93 : Write error : cannot write block : No space left on device 
zstd: error 93 : Write error : cannot write block : No space left on device 
ERROR: download/decompress failed for ERR4691622
ERROR: download/decompress failed for ERR10101485
ERROR: download/decompress failed for SRR3989304
zstd: error 93 : Write error : cannot write block : No space left on device 
zstd: error 93 : Write error : cannot write block : No space left on device 
ERROR: download/decompress failed for SRR6960558
ERROR: download/decompress failed for ERR868511
zstd: error 93 : Write error : cannot write block : No space left on device 
ERROR: download/decompress failed for SRR26991299
zstd: error 93 : Write error : cannot write block : No space left on device 
ERROR: download/decompress failed for SRR26421369
zstd: error 93 : Write error : cannot write block : No space left on device 
zstd: error 93 : Write error : cannot write block : No space left on device 
ERROR: download/decompress failed for SRR3546782
ERROR: download/decompress failed for ERR4691697
zstd: error 93 : Write error : cannot write block : No space left on device 
zstd: error 93 : Write error : cannot write block : No space left on device 
ERROR: download/decompress failed for SRR13589002
zstd: error 93 : Write error : cannot write block : No space left on device 
ERROR: download/decompress failed for ERR594300
zstd: error 93 : Write error : cannot write block : No space left on device 
ERROR: download/decompress failed for SRR364045
ERROR: download/decompress failed for SRR13588916
zstd: error 93 : Write error : cannot write block : No space left on device 
zstd: error 93 : Write error : cannot write block : No space left on device 
ERROR: download/decompress failed for SRR6960539
ERROR: download/decompress failed for ERR7255742
zstd: error 93 : Write error : cannot write block : No space left on device 
zstd: error 93 : Write error : cannot write block : No space left on device 
ERROR: download/decompress failed for SRR3989294
ERROR: download/decompress failed for SRR5903321
zstd: error 93 : Write error : cannot write block : No space left on device 
ERROR: download/decompress failed for SRR19961922
zstd: error 93 : Write error : cannot write block : No space left on device 
ERROR: download/decompress failed for SRR18595300
zstd: error 93 : Write error : cannot write block : No space left on device 
zstd: error 93 : Write error : cannot write block : No space left on device 
ERROR: download/decompress failed for ERR11040786
ERROR: download/decompress failed for SRR5451372
zstd: error 93 : Write error : cannot write block : No space left on device 
zstd: error 93 : Write error : cannot write block : No space left on device 
ERROR: download/decompress failed for ERR4691769
ERROR: download/decompress failed for SRR9616645
zstd: error 93 : Write error : cannot write block : No space left on device 
zstd: error 93 : Write error : cannot write block : No space left on device 
ERROR: download/decompress failed for ERR2431945
ERROR: download/decompress failed for SRR6206234
zstd: error 93 : Write error : cannot write block : No space left on device 
ERROR: download/decompress failed for SRR19610018
zstd: error 93 : Write error : cannot write block : No space left on device 
ERROR: download/decompress failed for ERR1726761
zstd: error 93 : Write error : cannot write block : No space left on device 
ERROR: download/decompress failed for ERR1726844
zstd: error 93 : Write error : cannot write block : No space left on device 
zstd: error 93 : Write error : cannot write block : No space left on device 
ERROR: download/decompress failed for SRR10360643
ERROR: download/decompress failed for SRR1700529
zstd: error 93 : Write error : cannot write block : No space left on device 
ERROR: download/decompress failed for ERR1726812
zstd: error 93 : Write error : cannot write block : No space left on device 
zstd: error 93 : Write error : cannot write block : No space left on device 
ERROR: download/decompress failed for SRR6958552
ERROR: download/decompress failed for ERR1726718
zstd: error 93 : Write error : cannot write block : No space left on device 
ERROR: download/decompress failed for SRR25013878
zstd: error 93 : Write error : cannot write block : No space left on device 
ERROR: download/decompress failed for SRR5451373
zstd: error 93 : Write error : cannot write block : No space left on device 
zstd: error 93 : Write error : cannot write block : No space left on device 
ERROR: download/decompress failed for SRR5456904
ERROR: download/decompress failed for SRR26425198
zstd: error 93 : Write error : cannot write block : No space left on device 
ERROR: download/decompress failed for SRR5371505
zstd: error 93 : Write error : cannot write block : No space left on device 
ERROR: download/decompress failed for ERR1726977
zstd: error 93 : Write error : cannot write block : No space left on device 
ERROR: download/decompress failed for ERR599298
zstd: error 93 : Write error : cannot write block : No space left on device 
ERROR: download/decompress failed for SRR13892606
zstd: error 93 : Write error : cannot write block : No space left on device 
ERROR: download/decompress failed for SRR6956985
zstd: error 93 : Write error : cannot write block : No space left on device 
ERROR: download/decompress failed for SRR13892604
zstd: error 93 : Write error : cannot write block : No space left on device 
ERROR: download/decompress failed for SRR3500544
zstd: error 93 : Write error : cannot write block : No space left on device 
ERROR: download/decompress failed for ERR868403
zstd: error 93 : Write error : cannot write block : No space left on device 
ERROR: download/decompress failed for ERR4691590
zstd: error 93 : Write error : cannot write block : No space left on device 
ERROR: download/decompress failed for ERR1726583
zstd: error 93 : Write error : cannot write block : No space left on device 
zstd: error 93 : Write error : cannot write block : No space left on device 
zstd: error 93 : Write error : cannot write block : No space left on device 
ERROR: download/decompress failed for SRR5468151
ERROR: download/decompress failed for ERR10101498
ERROR: download/decompress failed for SRR4051758
zstd: error 93 : Write error : cannot write block : No space left on device 
ERROR: download/decompress failed for ERR1726833
zstd: error 93 : Write error : cannot write block : No space left on device 
ERROR: download/decompress failed for ERR2431953
zstd: error 93 : Write error : cannot write block : No space left on device 
ERROR: download/decompress failed for ERR2431951
zstd: error 93 : Write error : cannot write block : No space left on device 
zstd: error 93 : Write error : cannot write block : No space left on device 
ERROR: download/decompress failed for ERR598976
ERROR: download/decompress failed for ERR868432
zstd: error 93 : Write error : cannot write block : No space left on device 
ERROR: download/decompress failed for SRR8543131
zstd: error 93 : Write error : cannot write block : No space left on device 
ERROR: download/decompress failed for SRR5468154
zstd: error 93 : Write error : cannot write block : No space left on device 
ERROR: download/decompress failed for SRR26784438
zstd: error 93 : Write error : cannot write block : No space left on device 
ERROR: download/decompress failed for ERR1035438
zstd: error 93 : Write error : cannot write block : No space left on device 
ERROR: download/decompress failed for ERR868404
zstd: error 93 : Write error : cannot write block : No space left on device 
zstd: error 93 : Write error : cannot write block : No space left on device 
ERROR: download/decompress failed for SRR5468153
ERROR: download/decompress failed for ERR4691866
zstd: error 93 : Write error : cannot write block : No space left on device 
ERROR: download/decompress failed for SRR11430616
zstd: error 93 : Write error : cannot write block : No space left on device 
ERROR: download/decompress failed for DRR374617
zstd: error 93 : Write error : cannot write block : No space left on device 
ERROR: download/decompress failed for ERR594333
zstd: error 93 : Write error : cannot write block : No space left on device 
ERROR: download/decompress failed for SRR11613357
zstd: error 93 : Write error : cannot write block : No space left on device 
ERROR: download/decompress failed for SRR23086376
zstd: error 93 : Write error : cannot write block : No space left on device 
zstd: error 93 : Write error : cannot write block : No space left on device 
ERROR: download/decompress failed for ERR4691708
ERROR: download/decompress failed for SRR5903353
zstd: error 93 : Write error : cannot write block : No space left on device 
zstd: error 93 : Write error : cannot write block : No space left on device 
zstd: error 93 : Write error : cannot write block : No space left on device 
ERROR: download/decompress failed for SRR3989434
ERROR: download/decompress failed for ERR10101738
ERROR: download/decompress failed for SRR7130816
zstd: error 93 : Write error : cannot write block : No space left on device 
ERROR: download/decompress failed for SRR3990180
zstd: error 93 : Write error : cannot write block : No space left on device 
ERROR: download/decompress failed for SRR5456702
zstd: error 93 : Write error : cannot write block : No space left on device 
ERROR: download/decompress failed for SRR6475349
zstd: error 93 : Write error : cannot write block : No space left on device 
ERROR: download/decompress failed for SRR3971189
zstd: error 93 : Write error : cannot write block : No space left on device 
ERROR: download/decompress failed for ERR1726584
zstd: error 93 : Write error : cannot write block : No space left on device 
ERROR: download/decompress failed for SRR16329018
zstd: error 93 : Write error : cannot write block : No space left on device 
ERROR: download/decompress failed for SRR6185437
zstd: error 93 : Write error : cannot write block : No space left on device 
zstd: error 93 : Write error : cannot write block : No space left on device 
zstd: error 93 : Write error : cannot write block : No space left on device 
ERROR: download/decompress failed for SRR1658466
zstd: error 93 : Write error : cannot write block : No space left on device 
ERROR: download/decompress failed for SRR8820264
ERROR: download/decompress failed for DRR374619
ERROR: download/decompress failed for SRR16329108
zstd: error 93 : Write error : cannot write block : No space left on device 
ERROR: download/decompress failed for SRR5508059
zstd: error 93 : Write error : cannot write block : No space left on device 
ERROR: download/decompress failed for ERR1726866
zstd: error 93 : Write error : cannot write block : No space left on device 
zstd: error 93 : Write error : cannot write block : No space left on device 
ERROR: download/decompress failed for SRR5511004
ERROR: download/decompress failed for SRR13318515
zstd: error 93 : Write error : cannot write block : No space left on device 
ERROR: download/decompress failed for SRR6056499
zstd: error 93 : Write error : cannot write block : No space left on device 
ERROR: download/decompress failed for SRR18649735
zstd: error 93 : Write error : cannot write block : No space left on device 
ERROR: download/decompress failed for SRR10143173
zstd: error 93 : Write error : cannot write block : No space left on device 
ERROR: download/decompress failed for ERR3761214
zstd: error 93 : Write error : cannot write block : No space left on device 
ERROR: download/decompress failed for ERR599111
zstd: error 93 : Write error : cannot write block : No space left on device 
ERROR: download/decompress failed for ERR868407
zstd: error 93 : Write error : cannot write block : No space left on device 
ERROR: download/decompress failed for ERR3589591
zstd: error 93 : Write error : cannot write block : No space left on device 
ERROR: download/decompress failed for SRR13892586
zstd: error 93 : Write error : cannot write block : No space left on device 
ERROR: download/decompress failed for ERR2752144
zstd: error 93 : Write error : cannot write block : No space left on device 
ERROR: download/decompress failed for ERR3761215
zstd: error 93 : Write error : cannot write block : No space left on device 
ERROR: download/decompress failed for ERR4691626
zstd: error 93 : Write error : cannot write block : No space left on device 
zstd: error 93 : Write error : cannot write block : No space left on device 
ERROR: download/decompress failed for SRR16329052
ERROR: download/decompress failed for ERR1726756
zstd: error 93 : Write error : cannot write block : No space left on device 
zstd: error 93 : Write error : cannot write block : No space left on device 
ERROR: download/decompress failed for ERR2762151
ERROR: download/decompress failed for ERR4691654
zstd: error 93 : Write error : cannot write block : No space left on device 
ERROR: download/decompress failed for SRR5460694
zstd: error 93 : Write error : cannot write block : No space left on device 
ERROR: download/decompress failed for ERR599246
zstd: error 93 : Write error : cannot write block : No space left on device 
zstd: error 93 : Write error : cannot write block : No space left on device 
zstd: error 93 : Write error : cannot write block : No space left on device 
ERROR: download/decompress failed for SRR5456833
ERROR: download/decompress failed for ERR10101806
zstd: error 93 : Write error : cannot write block : No space left on device 
ERROR: download/decompress failed for SRR13060982
ERROR: download/decompress failed for SRR5903381
zstd: error 93 : Write error : cannot write block : No space left on device 
ERROR: download/decompress failed for ERR1726595
zstd: error 93 : Write error : cannot write block : No space left on device 
ERROR: download/decompress failed for ERR4691619
zstd: error 93 : Write error : cannot write block : No space left on device 
ERROR: download/decompress failed for SRR14739665
zstd: error 93 : Write error : cannot write block : No space left on device 
ERROR: download/decompress failed for ERR4691778
zstd: error 93 : Write error : cannot write block : No space left on device 
ERROR: download/decompress failed for SRR17464420
zstd: error 93 : Write error : cannot write block : No space left on device 
zstd: error 93 : Write error : cannot write block : No space left on device 
ERROR: download/decompress failed for SRR13452042
ERROR: download/decompress failed for SRR8466254
zstd: error 93 : Write error : cannot write block : No space left on device 
ERROR: download/decompress failed for SRR13588891
zstd: error 93 : Write error : cannot write block : No space left on device 
zstd: error 93 : Write error : cannot write block : No space left on device 
ERROR: download/decompress failed for SRR16329027
ERROR: download/decompress failed for ERR4691592
zstd: error 93 : Write error : cannot write block : No space left on device 
ERROR: download/decompress failed for ERR1035437
zstd: error 93 : Write error : cannot write block : No space left on device 
ERROR: download/decompress failed for ERR599077
zstd: error 93 : Write error : cannot write block : No space left on device 
zstd: error 93 : Write error : cannot write block : No space left on device 
ERROR: download/decompress failed for ERR1726863
ERROR: download/decompress failed for SRR1700446
zstd: error 93 : Write error : cannot write block : No space left on device 
ERROR: download/decompress failed for SRR5903342
zstd: error 93 : Write error : cannot write block : No space left on device 
zstd: error 93 : Write error : cannot write block : No space left on device 
ERROR: download/decompress failed for ERR4691691
ERROR: download/decompress failed for SRR15377962
zstd: error 93 : Write error : cannot write block : No space left on device 
zstd: error 93 : Write error : cannot write block : No space left on device 
ERROR: download/decompress failed for SRR5903349
ERROR: download/decompress failed for SRR3954462
zstd: error 93 : Write error : cannot write block : No space left on device 
ERROR: download/decompress failed for ERR4691696
zstd: error 93 : Write error : cannot write block : No space left on device 
ERROR: download/decompress failed for SRR6831574
zstd: error 93 : Write error : cannot write block : No space left on device 
ERROR: download/decompress failed for ERR3589574
zstd: error 93 : Write error : cannot write block : No space left on device 
ERROR: download/decompress failed for ERR868500
zstd: error 93 : Write error : cannot write block : No space left on device 
ERROR: download/decompress failed for ERR4691754
zstd: error 93 : Write error : cannot write block : No space left on device 
ERROR: download/decompress failed for SRR10168431
zstd: error 93 : Write error : cannot write block : No space left on device 
zstd: error 93 : Write error : cannot write block : No space left on device 
ERROR: download/decompress failed for ERR1726525
ERROR: download/decompress failed for ERR599308
zstd: error 93 : Write error : cannot write block : No space left on device 
ERROR: download/decompress failed for ERR4691698
zstd: error 93 : Write error : cannot write block : No space left on device 
ERROR: download/decompress failed for ERR599242
zstd: error 93 : Write error : cannot write block : No space left on device 
ERROR: download/decompress failed for SRR8863357
zstd: error 93 : Write error : cannot write block : No space left on device 
ERROR: download/decompress failed for ERR1726806
zstd: error 93 : Write error : cannot write block : No space left on device 
ERROR: download/decompress failed for ERR4691594
zstd: error 93 : Write error : cannot write block : No space left on device 
ERROR: download/decompress failed for ERR599318
zstd: error 93 : Write error : cannot write block : No space left on device 
ERROR: download/decompress failed for ERR594297
zstd: error 93 : Write error : cannot write block : No space left on device 
ERROR: download/decompress failed for SRR25119237
zstd: error 93 : Write error : cannot write block : No space left on device 
ERROR: download/decompress failed for ERR2762167
zstd: error 93 : Write error : cannot write block : No space left on device 
zstd: error 93 : Write error : cannot write block : No space left on device 
ERROR: download/decompress failed for ERR4405442
ERROR: download/decompress failed for SRR23814898
zstd: error 93 : Write error : cannot write block : No space left on device 
ERROR: download/decompress failed for SRR13892592
zstd: error 93 : Write error : cannot write block : No space left on device 
ERROR: download/decompress failed for SRR26909968
zstd: error 93 : Write error : cannot write block : No space left on device 
ERROR: download/decompress failed for ERR10101769
zstd: error 93 : Write error : cannot write block : No space left on device 
ERROR: download/decompress failed for SRR17648133
zstd: error 93 : Write error : cannot write block : No space left on device 
ERROR: download/decompress failed for SRR21704972
zstd: error 93 : Write error : cannot write block : No space left on device 
zstd: error 93 : Write error : cannot write block : No space left on device 
ERROR: download/decompress failed for SRR13083073
ERROR: download/decompress failed for ERR1726694
zstd: error 93 : Write error : cannot write block : No space left on device 
zstd: error 93 : Write error : cannot write block : No space left on device 
ERROR: download/decompress failed for ERR1726597
ERROR: download/decompress failed for SRR26458187
zstd: error 93 : Write error : cannot write block : No space left on device 
ERROR: download/decompress failed for SRR26457443
zstd: error 93 : Write error : cannot write block : No space left on device 
ERROR: download/decompress failed for ERR868462
zstd: error 93 : Write error : cannot write block : No space left on device 
ERROR: download/decompress failed for ERR599162
zstd: error 93 : Write error : cannot write block : No space left on device 
ERROR: download/decompress failed for SRR12682966
zstd: error 93 : Write error : cannot write block : No space left on device 
ERROR: download/decompress failed for SRR16329062
zstd: error 93 : Write error : cannot write block : No space left on device 
ERROR: download/decompress failed for ERR868485
zstd: error 93 : Write error : cannot write block : No space left on device 
ERROR: download/decompress failed for ERR538185
zstd: error 93 : Write error : cannot write block : No space left on device 
ERROR: download/decompress failed for ERR599272
zstd: error 93 : Write error : cannot write block : No space left on device 
ERROR: download/decompress failed for ERR868479
zstd: error 93 : Write error : cannot write block : No space left on device 
ERROR: download/decompress failed for SRR18649837
zstd: error 93 : Write error : cannot write block : No space left on device 
zstd: error 93 : Write error : cannot write block : No space left on device 
zstd: error 93 : Write error : cannot write block : No space left on device 
ERROR: download/decompress failed for SRR5460459
ERROR: download/decompress failed for ERR2762169
zstd: error 93 : Write error : cannot write block : No space left on device 
ERROR: download/decompress failed for ERR9963787
zstd: error 93 : Write error : cannot write block : No space left on device 
ERROR: download/decompress failed for SRR11071393
ERROR: download/decompress failed for SRR13589015
zstd: error 93 : Write error : cannot write block : No space left on device 
zstd: error 93 : Write error : cannot write block : No space left on device 
ERROR: download/decompress failed for ERR599235
ERROR: download/decompress failed for SRR7533054
zstd: error 93 : Write error : cannot write block : No space left on device 
ERROR: download/decompress failed for ERR594342
zstd: error 93 : Write error : cannot write block : No space left on device 
ERROR: download/decompress failed for ERR1019366
zstd: error 93 : Write error : cannot write block : No space left on device 
ERROR: download/decompress failed for ERR10101476
zstd: error 93 : Write error : cannot write block : No space left on device 
ERROR: download/decompress failed for SRR16329156
zstd: error 93 : Write error : cannot write block : No space left on device 
zstd: error 93 : Write error : cannot write block : No space left on device 
ERROR: download/decompress failed for ERR599327
ERROR: download/decompress failed for SRR6960546
zstd: error 93 : Write error : cannot write block : No space left on device 
ERROR: download/decompress failed for SRR8554512
zstd: error 93 : Write error : cannot write block : No space left on device 
ERROR: download/decompress failed for ERR1726533
zstd: error 93 : Write error : cannot write block : No space left on device 
ERROR: download/decompress failed for ERR1726542
zstd: error 93 : Write error : cannot write block : No space left on device 
ERROR: download/decompress failed for ERR868507
zstd: error 93 : Write error : cannot write block : No space left on device 
ERROR: download/decompress failed for ERR599285
zstd: error 93 : Write error : cannot write block : No space left on device 
zstd: error 93 : Write error : cannot write block : No space left on device 
zstd: error 93 : Write error : cannot write block : No space left on device 
ERROR: download/decompress failed for ERR598993
ERROR: download/decompress failed for ERR4181794
ERROR: download/decompress failed for SRR12113422
zstd: error 93 : Write error : cannot write block : No space left on device 
ERROR: download/decompress failed for SRR6197865
zstd: error 93 : Write error : cannot write block : No space left on device 
ERROR: download/decompress failed for SRR1699480
zstd: error 93 : Write error : cannot write block : No space left on device 
ERROR: download/decompress failed for SRR11673964
zstd: error 93 : Write error : cannot write block : No space left on device 
zstd: error 93 : Write error : cannot write block : No space left on device 
ERROR: download/decompress failed for ERR10101789
ERROR: download/decompress failed for SRR5456974
zstd: error 93 : Write error : cannot write block : No space left on device 
ERROR: download/decompress failed for SRR8466244
